<?xml version="1.0" encoding="UTF-8"?>
<testng-results skipped="1" failed="0" total="2" passed="1">
  <reporter-output>
  </reporter-output>
  <suite name="Default suite" duration-ms="19250" started-at="2016-09-10T15:55:57Z" finished-at="2016-09-10T15:56:16Z">
    <groups>
    </groups>
    <test name="Default test" duration-ms="19250" started-at="2016-09-10T15:55:57Z" finished-at="2016-09-10T15:56:16Z">
      <class name="Mercury.methodsAfterBefore">
        <test-method status="PASS" signature="launchbrower()[pri:0, instance:Mercury.methodsAfterBefore@27ff5d15]" name="launchbrower" is-config="true" duration-ms="14597" started-at="2016-09-10T21:25:57Z" finished-at="2016-09-10T21:26:11Z">
          <reporter-output>
          </reporter-output>
        </test-method> <!-- launchbrower -->
        <test-method status="PASS" signature="verifyHomepagetitle()[pri:0, instance:Mercury.methodsAfterBefore@27ff5d15]" name="verifyHomepagetitle" is-config="true" duration-ms="35" started-at="2016-09-10T21:26:11Z" finished-at="2016-09-10T21:26:11Z">
          <reporter-output>
          </reporter-output>
        </test-method> <!-- verifyHomepagetitle -->
        <test-method status="PASS" signature="register()[pri:0, instance:Mercury.methodsAfterBefore@27ff5d15]" name="register" duration-ms="4284" started-at="2016-09-10T21:26:11Z" finished-at="2016-09-10T21:26:16Z">
          <reporter-output>
          </reporter-output>
        </test-method> <!-- register -->
        <test-method status="FAIL" signature="backToHme()[pri:0, instance:Mercury.methodsAfterBefore@27ff5d15]" name="backToHme" is-config="true" duration-ms="0" started-at="2016-09-10T21:26:16Z" finished-at="2016-09-10T21:26:16Z">
          <exception class="org.openqa.selenium.NoSuchElementException">
            <message>
              <![CDATA[Unable to locate element: {"method":"link text","selector":"HOME"}
Command duration or timeout: 119 milliseconds
For documentation on this error, please visit: http://seleniumhq.org/exceptions/no_such_element.html
Build info: version: '2.53.1', revision: 'a36b8b1', time: '2016-06-30 17:32:46'
System info: host: 'LAPTOP-V26TDURT', ip: '192.168.1.103', os.name: 'Windows 10', os.arch: 'amd64', os.version: '10.0', java.version: '1.8.0_92'
Driver info: org.openqa.selenium.firefox.FirefoxDriver
Capabilities [{applicationCacheEnabled=true, rotatable=false, handlesAlerts=true, databaseEnabled=true, version=46.0, platform=WINDOWS, nativeEvents=false, acceptSslCerts=true, webStorageEnabled=true, locationContextEnabled=true, browserName=firefox, takesScreenshot=true, javascriptEnabled=true, cssSelectorsEnabled=true}]
Session ID: cdb9ba1a-d088-492e-a159-39fd5e199d52
*** Element info: {Using=link text, value=HOME}]]>
            </message>
            <full-stacktrace>
              <![CDATA[org.openqa.selenium.NoSuchElementException: Unable to locate element: {"method":"link text","selector":"HOME"}
Command duration or timeout: 119 milliseconds
For documentation on this error, please visit: http://seleniumhq.org/exceptions/no_such_element.html
Build info: version: '2.53.1', revision: 'a36b8b1', time: '2016-06-30 17:32:46'
System info: host: 'LAPTOP-V26TDURT', ip: '192.168.1.103', os.name: 'Windows 10', os.arch: 'amd64', os.version: '10.0', java.version: '1.8.0_92'
Driver info: org.openqa.selenium.firefox.FirefoxDriver
Capabilities [{applicationCacheEnabled=true, rotatable=false, handlesAlerts=true, databaseEnabled=true, version=46.0, platform=WINDOWS, nativeEvents=false, acceptSslCerts=true, webStorageEnabled=true, locationContextEnabled=true, browserName=firefox, takesScreenshot=true, javascriptEnabled=true, cssSelectorsEnabled=true}]
Session ID: cdb9ba1a-d088-492e-a159-39fd5e199d52
*** Element info: {Using=link text, value=HOME}
	at sun.reflect.NativeConstructorAccessorImpl.newInstance0(Native Method)
	at sun.reflect.NativeConstructorAccessorImpl.newInstance(Unknown Source)
	at sun.reflect.DelegatingConstructorAccessorImpl.newInstance(Unknown Source)
	at java.lang.reflect.Constructor.newInstance(Unknown Source)
	at org.openqa.selenium.remote.ErrorHandler.createThrowable(ErrorHandler.java:206)
	at org.openqa.selenium.remote.ErrorHandler.throwIfResponseFailed(ErrorHandler.java:158)
	at org.openqa.selenium.remote.RemoteWebDriver.execute(RemoteWebDriver.java:678)
	at org.openqa.selenium.remote.RemoteWebDriver.findElement(RemoteWebDriver.java:363)
	at org.openqa.selenium.remote.RemoteWebDriver.findElementByLinkText(RemoteWebDriver.java:428)
	at org.openqa.selenium.By$ByLinkText.findElement(By.java:246)
	at org.openqa.selenium.remote.RemoteWebDriver.findElement(RemoteWebDriver.java:355)
	at Mercury.methodsAfterBefore.backToHme(methodsAfterBefore.java:52)
	at sun.reflect.NativeMethodAccessorImpl.invoke0(Native Method)
	at sun.reflect.NativeMethodAccessorImpl.invoke(Unknown Source)
	at sun.reflect.DelegatingMethodAccessorImpl.invoke(Unknown Source)
	at java.lang.reflect.Method.invoke(Unknown Source)
	at org.testng.internal.MethodInvocationHelper.invokeMethod(MethodInvocationHelper.java:100)
	at org.testng.internal.Invoker.invokeConfigurationMethod(Invoker.java:515)
	at org.testng.internal.Invoker.invokeConfigurations(Invoker.java:216)
	at org.testng.internal.Invoker.invokeMethod(Invoker.java:712)
	at org.testng.internal.Invoker.invokeTestMethod(Invoker.java:811)
	at org.testng.internal.Invoker.invokeTestMethods(Invoker.java:1129)
	at org.testng.internal.TestMethodWorker.invokeTestMethods(TestMethodWorker.java:129)
	at org.testng.internal.TestMethodWorker.run(TestMethodWorker.java:112)
	at org.testng.TestRunner.privateRun(TestRunner.java:746)
	at org.testng.TestRunner.run(TestRunner.java:600)
	at org.testng.SuiteRunner.runTest(SuiteRunner.java:366)
	at org.testng.SuiteRunner.runSequentially(SuiteRunner.java:361)
	at org.testng.SuiteRunner.privateRun(SuiteRunner.java:319)
	at org.testng.SuiteRunner.run(SuiteRunner.java:268)
	at org.testng.SuiteRunnerWorker.runSuite(SuiteRunnerWorker.java:52)
	at org.testng.SuiteRunnerWorker.run(SuiteRunnerWorker.java:86)
	at org.testng.TestNG.runSuitesSequentially(TestNG.java:1264)
	at org.testng.TestNG.runSuitesLocally(TestNG.java:1189)
	at org.testng.TestNG.runSuites(TestNG.java:1104)
	at org.testng.TestNG.run(TestNG.java:1076)
	at org.testng.remote.AbstractRemoteTestNG.run(AbstractRemoteTestNG.java:126)
	at org.testng.remote.RemoteTestNG.initAndRun(RemoteTestNG.java:152)
	at org.testng.remote.RemoteTestNG.main(RemoteTestNG.java:57)
Caused by: org.openqa.selenium.NoSuchElementException: Unable to locate element: {"method":"link text","selector":"HOME"}
For documentation on this error, please visit: http://seleniumhq.org/exceptions/no_such_element.html
Build info: version: '2.53.1', revision: 'a36b8b1', time: '2016-06-30 17:32:46'
System info: host: 'LAPTOP-V26TDURT', ip: '192.168.1.103', os.name: 'Windows 10', os.arch: 'amd64', os.version: '10.0', java.version: '1.8.0_92'
Driver info: driver.version: unknown
	at <anonymous class>.FirefoxDriver.prototype.findElementInternal_(file:///C:/Users/Arun/AppData/Local/Temp/anonymous5414561739275723552webdriver-profile/extensions/fxdriver@googlecode.com/components/driver-component.js:10770)
	at <anonymous class>.FirefoxDriver.prototype.findElement(file:///C:/Users/Arun/AppData/Local/Temp/anonymous5414561739275723552webdriver-profile/extensions/fxdriver@googlecode.com/components/driver-component.js:10779)
	at <anonymous class>.DelayedCommand.prototype.executeInternal_/h(file:///C:/Users/Arun/AppData/Local/Temp/anonymous5414561739275723552webdriver-profile/extensions/fxdriver@googlecode.com/components/command-processor.js:12661)
	at <anonymous class>.DelayedCommand.prototype.executeInternal_(file:///C:/Users/Arun/AppData/Local/Temp/anonymous5414561739275723552webdriver-profile/extensions/fxdriver@googlecode.com/components/command-processor.js:12666)
	at <anonymous class>.DelayedCommand.prototype.execute/<(file:///C:/Users/Arun/AppData/Local/Temp/anonymous5414561739275723552webdriver-profile/extensions/fxdriver@googlecode.com/components/command-processor.js:12608)
]]>
            </full-stacktrace>
          </exception> <!-- org.openqa.selenium.NoSuchElementException -->
          <reporter-output>
          </reporter-output>
        </test-method> <!-- backToHme -->
        <test-method status="SKIP" signature="verifyHomepagetitle()[pri:0, instance:Mercury.methodsAfterBefore@27ff5d15]" name="verifyHomepagetitle" is-config="true" duration-ms="0" started-at="2016-09-10T21:26:16Z" finished-at="2016-09-10T21:26:16Z">
          <reporter-output>
          </reporter-output>
        </test-method> <!-- verifyHomepagetitle -->
        <test-method status="SKIP" signature="Support()[pri:1, instance:Mercury.methodsAfterBefore@27ff5d15]" name="Support" duration-ms="1" started-at="2016-09-10T21:26:16Z" finished-at="2016-09-10T21:26:16Z">
          <reporter-output>
          </reporter-output>
        </test-method> <!-- Support -->
        <test-method status="SKIP" signature="backToHme()[pri:0, instance:Mercury.methodsAfterBefore@27ff5d15]" name="backToHme" is-config="true" duration-ms="0" started-at="2016-09-10T21:26:16Z" finished-at="2016-09-10T21:26:16Z">
          <reporter-output>
          </reporter-output>
        </test-method> <!-- backToHme -->
        <test-method status="SKIP" signature="endSession()[pri:0, instance:Mercury.methodsAfterBefore@27ff5d15]" name="endSession" is-config="true" duration-ms="0" started-at="2016-09-10T21:26:16Z" finished-at="2016-09-10T21:26:16Z">
          <reporter-output>
          </reporter-output>
        </test-method> <!-- endSession -->
      </class> <!-- Mercury.methodsAfterBefore -->
    </test> <!-- Default test -->
  </suite> <!-- Default suite -->
</testng-results>
